Hit:1 http://us-east-1.ec2.archive.ubuntu.com/ubuntu jammy InRelease
Hit:2 http://us-east-1.ec2.archive.ubuntu.com/ubuntu jammy-updates InRelease
Get:3 http://us-east-1.ec2.archive.ubuntu.com/ubuntu jammy-backports InRelease [99.8 kB]
Get:4 http://security.ubuntu.com/ubuntu jammy-security InRelease [110 kB]
Fetched 210 kB in 1s (380 kB/s)
Reading package lists...
Reading package lists...
Building dependency tree...
Reading state information...
Calculating upgrade...
The following packages have been kept back:
  linux-aws linux-headers-aws linux-image-aws
0 upgraded, 0 newly installed, 0 to remove and 3 not upgraded.
Reading package lists...
Building dependency tree...
Reading state information...
jq is already the newest version (1.6-2.1ubuntu3).
nano is already the newest version (6.2-1).
net-tools is already the newest version (1.60+git20181103.0eebece-1ubuntu5).
openssh-client is already the newest version (1:8.9p1-3).
unzip is already the newest version (6.0-26ubuntu3).
vim is already the newest version (2:8.2.3995-1ubuntu2).
wget is already the newest version (1.21.2-2ubuntu1).
expect is already the newest version (5.45.4-2build1).
nmon is already the newest version (16n+debian-1).
tree is already the newest version (2.0.2-1).
apache2-utils is already the newest version (2.4.52-1ubuntu4.1).
curl is already the newest version (7.81.0-1ubuntu1.3).
git is already the newest version (1:2.34.1-1ubuntu1.2).
dnsutils is already the newest version (1:9.18.1-1ubuntu1.1).
0 upgraded, 0 newly installed, 0 to remove and 3 not upgraded.
